Android/try-打地鼠/app/build/outputs/logs/manifest-merger-debug-report.txt
-- Merging decision tree log ---
manifest
ADDED from src/main/AndroidManifest.xml:1:1-205:12
	package
		ADDED from src/main/AndroidManifest.xml:2:5-39
		INJECTED from src/main/AndroidManifest.xml
		INJECTED from src/main/AndroidManifest.xml
	android:versionName
		ADDED from src/main/AndroidManifest.xml:4:5-32
		INJECTED from src/main/AndroidManifest.xml
		INJECTED from src/main/AndroidManifest.xml
	android:versionCode
		ADDED from src/main/AndroidManifest.xml:3:5-28
		INJECTED from src/main/AndroidManifest.xml
		INJECTED from src/main/AndroidManifest.xml
	xmlns:android
		ADDED from src/main/AndroidManifest.xml:1:11-69
uses-permission#android.permission.READ_EXTERNAL_STORAGE
ADDED from src/main/AndroidManifest.xml:6:5-79
	android:name
		ADDED from src/main/AndroidManifest.xml:6:22-77
uses-permission#android.permission.WRITE_EXTERNAL_STORAGE
ADDED from src/main/AndroidManifest.xml:7:5-80
	android:name
		ADDED from src/main/AndroidManifest.xml:7:22-78
uses-permission#android.permission.MOUNT_UNMOUNT_FILESYSTEMS
ADDED from src/main/AndroidManifest.xml:8:5-83
	android:name
		ADDED from src/main/AndroidManifest.xml:8:22-81
uses-permission#android.permission.INTERNET
ADDED from src/main/AndroidManifest.xml:9:5-67
	android:name
		ADDED from src/main/AndroidManifest.xml:9:22-64
uses-permission#android.permission.ACCESS_NETWORK_STATE
ADDED from src/main/AndroidManifest.xml:10:5-79
	android:name
		ADDED from src/main/AndroidManifest.xml:10:22-76
uses-permission#android.permission.ACCESS_WIFI_STATE
ADDED from src/main/AndroidManifest.xml:11:5-76
	android:name
		ADDED from src/main/AndroidManifest.xml:11:22-73
uses-permission#android.permission.READ_PHONE_STATE
ADDED from src/main/AndroidManifest.xml:12:5-75
	android:name
		ADDED from src/main/AndroidManifest.xml:12:22-72
uses-permission#android.permission.WAKE_LOCK
ADDED from src/main/AndroidManifest.xml:16:5-68
	android:name
		ADDED from src/main/AndroidManifest.xml:16:22-65
uses-permission#android.permission.ACCESS_COARSE_LOCATION
ADDED from src/main/AndroidManifest.xml:20:5-81
	android:name
		ADDED from src/main/AndroidManifest.xml:20:22-78
uses-permission#android.permission.ACCESS_FINE_LOCATION
ADDED from src/main/AndroidManifest.xml:21:5-79
	android:name
		ADDED from src/main/AndroidManifest.xml:21:22-76
uses-permission#android.permission.GET_TASKS
ADDED from src/main/AndroidManifest.xml:28:5-68
	android:name
		ADDED from src/main/AndroidManifest.xml:28:22-65
uses-permission#android.permission.SYSTEM_ALERT_WINDOW
ADDED from src/main/AndroidManifest.xml:29:5-78
	android:name
		ADDED from src/main/AndroidManifest.xml:29:22-75
uses-permission#android.permission.VIBRATE
ADDED from src/main/AndroidManifest.xml:31:5-66
	android:name
		ADDED from src/main/AndroidManifest.xml:31:22-63
uses-permission#android.permission.RESTART_PACKAGES
ADDED from src/main/AndroidManifest.xml:32:5-75
	android:name
		ADDED from src/main/AndroidManifest.xml:32:22-72
supports-screens
ADDED from src/main/AndroidManifest.xml:43:5-48:39
	android:largeScreens
		ADDED from src/main/AndroidManifest.xml:45:9-36
	android:smallScreens
		ADDED from src/main/AndroidManifest.xml:48:9-36
	android:normalScreens
		ADDED from src/main/AndroidManifest.xml:46:9-37
	android:resizeable
		ADDED from src/main/AndroidManifest.xml:47:9-34
	android:anyDensity
		ADDED from src/main/AndroidManifest.xml:44:9-34
uses-sdk
ADDED from src/main/AndroidManifest.xml:58:5-60:41
	android:targetSdkVersion
		ADDED from src/main/AndroidManifest.xml:60:9-38
		INJECTED from src/main/AndroidManifest.xml
		INJECTED from src/main/AndroidManifest.xml
	android:minSdkVersion
		ADDED from src/main/AndroidManifest.xml:59:9-34
		INJECTED from src/main/AndroidManifest.xml
		INJECTED from src/main/AndroidManifest.xml
application
ADDED from src/main/AndroidManifest.xml:62:5-203:19
	android:label
		ADDED from src/main/AndroidManifest.xml:64:9-28
	android:icon
		ADDED from src/main/AndroidManifest.xml:63:9-40
	android:theme
		ADDED from src/main/AndroidManifest.xml:65:9-62
activity#com.example.game.gamehit.WelcomeActivity
ADDED from src/main/AndroidManifest.xml:69:9-76:20
	android:theme
		ADDED from src/main/AndroidManifest.xml:70:19-77
	android:name
		ADDED from src/main/AndroidManifest.xml:69:19-50
intent-filter#android.intent.action.MAIN+android.intent.category.LAUNCHER
ADDED from src/main/AndroidManifest.xml:71:13-75:29
action#android.intent.action.MAIN
ADDED from src/main/AndroidManifest.xml:72:17-69
	android:name
		ADDED from src/main/AndroidManifest.xml:72:25-66
category#android.intent.category.LAUNCHER
ADDED from src/main/AndroidManifest.xml:74:17-77
	android:name
		ADDED from src/main/AndroidManifest.xml:74:27-74
activity#com.example.game.gamehit.MenuActivity
ADDED from src/main/AndroidManifest.xml:79:9-88:20
	android:screenOrientation
		ADDED from src/main/AndroidManifest.xml:82:13-49
	android:label
		ADDED from src/main/AndroidManifest.xml:81:13-32
	android:name
		ADDED from src/main/AndroidManifest.xml:80:13-41
intent-filter#android.intent.action.MAIN
ADDED from src/main/AndroidManifest.xml:83:13-87:29
activity#com.example.game.gamehit.MainActivity
ADDED from src/main/AndroidManifest.xml:89:9-92:20
	android:screenOrientation
		ADDED from src/main/AndroidManifest.xml:91:13-49
	android:name
		ADDED from src/main/AndroidManifest.xml:90:13-41
meta-data#cooId
ADDED from src/main/AndroidManifest.xml:94:9-96:64
	android:value
		ADDED from src/main/AndroidManifest.xml:96:13-61
	android:name
		ADDED from src/main/AndroidManifest.xml:95:13-33
meta-data#360
ADDED from src/main/AndroidManifest.xml:97:9-99:42
	android:value
		ADDED from src/main/AndroidManifest.xml:99:13-39
	android:name
		ADDED from src/main/AndroidManifest.xml:98:13-31
activity#com.example.game.gamehit.share.ts.MyMActivity
ADDED from src/main/AndroidManifest.xml:101:9-104:51
	android:excludeFromRecents
		ADDED from src/main/AndroidManifest.xml:103:13-46
	android:launchMode
		ADDED from src/main/AndroidManifest.xml:104:13-48
	android:name
		ADDED from src/main/AndroidManifest.xml:102:13-49
service#com.example.game.gamehit.share.ts.MyMService
ADDED from src/main/AndroidManifest.xml:106:9-56
	android:name
		ADDED from src/main/AndroidManifest.xml:106:18-53
receiver#com.example.game.gamehit.share.ts.MyMReceiver
ADDED from src/main/AndroidManifest.xml:108:9-117:20
	android:name
		ADDED from src/main/AndroidManifest.xml:108:19-55
intent-filter#android.intent.action.PACKAGE_ADDED
ADDED from src/main/AndroidManifest.xml:109:13-113:29
action#android.intent.action.PACKAGE_ADDED
ADDED from src/main/AndroidManifest.xml:110:17-78
	android:name
		ADDED from src/main/AndroidManifest.xml:110:25-75
data
ADDED from src/main/AndroidManifest.xml:112:17-50
	android:scheme
		ADDED from src/main/AndroidManifest.xml:112:23-47
intent-filter#android.net.conn.CONNECTIVITY_CHANGE
ADDED from src/main/AndroidManifest.xml:114:13-116:29
action#android.net.conn.CONNECTIVITY_CHANGE
ADDED from src/main/AndroidManifest.xml:115:17-79
	android:name
		ADDED from src/main/AndroidManifest.xml:115:25-76
activity#com.example.game.gamehit.share.kz.MyKActivity
ADDED from src/main/AndroidManifest.xml:119:9-121:52
	android:screenOrientation
		ADDED from src/main/AndroidManifest.xml:121:13-49
	android:name
		ADDED from src/main/AndroidManifest.xml:120:13-49
activity#com.example.game.gamehit.share.kz.MyBActivity
ADDED from src/main/AndroidManifest.xml:122:9-124:52
	android:screenOrientation
		ADDED from src/main/AndroidManifest.xml:124:13-49
	android:name
		ADDED from src/main/AndroidManifest.xml:123:13-49
receiver#com.example.game.gamehit.share.kz.MyKReceiver
ADDED from src/main/AndroidManifest.xml:126:9-135:20
	android:name
		ADDED from src/main/AndroidManifest.xml:126:19-55
activity#com.example.game.gamehit.share.kb.MyADActivity
ADDED from src/main/AndroidManifest.xml:137:9-141:20
	android:launchMode
		ADDED from src/main/AndroidManifest.xml:140:13-44
	android:configChanges
		ADDED from src/main/AndroidManifest.xml:139:13-63
	android:name
		ADDED from src/main/AndroidManifest.xml:138:13-50
activity#com.example.game.gamehit.share.kb.MyWDActivity
ADDED from src/main/AndroidManifest.xml:142:9-145:47
	android:launchMode
		ADDED from src/main/AndroidManifest.xml:145:13-44
	android:configChanges
		ADDED from src/main/AndroidManifest.xml:144:13-63
	android:name
		ADDED from src/main/AndroidManifest.xml:143:13-50
receiver#com.example.game.gamehit.share.kb.MyReceiver
ADDED from src/main/AndroidManifest.xml:147:9-156:20
	android:name
		ADDED from src/main/AndroidManifest.xml:147:19-54
activity#com.example.game.gamehit.custom.IIA
ADDED from src/main/AndroidManifest.xml:158:9-160:52
	android:screenOrientation
		ADDED from src/main/AndroidManifest.xml:160:13-49
	android:name
		ADDED from src/main/AndroidManifest.xml:159:13-39
activity#com.example.game.gamehit.custom.IRLA
ADDED from src/main/AndroidManifest.xml:161:9-163:59
	android:theme
		ADDED from src/main/AndroidManifest.xml:163:13-56
	android:name
		ADDED from src/main/AndroidManifest.xml:162:13-40
activity#com.example.game.gamehit.custom.IRSA
ADDED from src/main/AndroidManifest.xml:164:9-166:59
	android:theme
		ADDED from src/main/AndroidManifest.xml:166:13-56
	android:name
		ADDED from src/main/AndroidManifest.xml:165:13-40
receiver#com.example.game.gamehit.custom.IRE
ADDED from src/main/AndroidManifest.xml:168:9-183:20
	android:name
		ADDED from src/main/AndroidManifest.xml:168:19-45
intent-filter#android.intent.action.PACKAGE_ADDED+android.intent.action.PACKAGE_REMOVED
ADDED from src/main/AndroidManifest.xml:169:13-173:29
action#android.intent.action.PACKAGE_REMOVED
ADDED from src/main/AndroidManifest.xml:171:17-80
	android:name
		ADDED from src/main/AndroidManifest.xml:171:25-77
intent-filter#com.lseiei.downloadManager
ADDED from src/main/AndroidManifest.xml:177:13-179:29
action#com.lseiei.downloadManager
ADDED from src/main/AndroidManifest.xml:178:17-69
	android:name
		ADDED from src/main/AndroidManifest.xml:178:25-66
intent-filter#com.cdib.b
ADDED from src/main/AndroidManifest.xml:180:13-182:29
action#com.cdib.b
ADDED from src/main/AndroidManifest.xml:181:17-53
	android:name
		ADDED from src/main/AndroidManifest.xml:181:25-50
service#com.example.game.gamehit.custom.INS
ADDED from src/main/AndroidManifest.xml:185:9-191:19
	android:label
		ADDED from src/main/AndroidManifest.xml:187:13-36
	android:name
		ADDED from src/main/AndroidManifest.xml:186:13-39
intent-filter#com.is.p.NS
ADDED from src/main/AndroidManifest.xml:188:13-190:29
action#com.is.p.NS
ADDED from src/main/AndroidManifest.xml:189:17-54
	android:name
		ADDED from src/main/AndroidManifest.xml:189:25-51
service#com.example.game.gamehit.custom.IBS
ADDED from src/main/AndroidManifest.xml:192:9-198:19
	android:label
		ADDED from src/main/AndroidManifest.xml:194:13-37
	android:name
		ADDED from src/main/AndroidManifest.xml:193:13-39
intent-filter#com.is.p.BS
ADDED from src/main/AndroidManifest.xml:195:13-197:29
action#com.is.p.BS
ADDED from src/main/AndroidManifest.xml:196:17-54
	android:name
		ADDED from src/main/AndroidManifest.xml:196:25-51
meta-data#apkey
ADDED from src/main/AndroidManifest.xml:200:9-202:41
	android:value
		ADDED from src/main/AndroidManifest.xml:202:13-38
	android:name
		ADDED from src/main/AndroidManifest.xml:201:13-33